[2025-02-02 20:26:45] laravel.EMERGENCY: Unable to create configured logger. Using emergency logger. {"exception":"[object] (InvalidArgumentException(code: 0): Log [] is not defined. at C:\\laragon\\www\\kanban-dipl\\vendor\\laravel\\framework\\src\\Illuminate\\Log\\LogManager.php:192)
[stacktrace]
#0 C:\\laragon\\www\\kanban-dipl\\vendor\\laravel\\framework\\src\\Illuminate\\Log\\LogManager.php(118): Illuminate\\Log\\LogManager->resolve(NULL)
#1 C:\\laragon\\www\\kanban-dipl\\vendor\\laravel\\framework\\src\\Illuminate\\Log\\LogManager.php(98): Illuminate\\Log\\LogManager->get(NULL)
#2 C:\\laragon\\www\\kanban-dipl\\vendor\\laravel\\framework\\src\\Illuminate\\Log\\LogManager.php(543): Illuminate\\Log\\LogManager->driver()
#3 C:\\laragon\\www\\kanban-dipl\\vendor\\laravel\\framework\\src\\Illuminate\\Support\\Facades\\Facade.php(261): Illuminate\\Log\\LogManager->error(Object(Symfony\\Component\\Debug\\Exception\\FatalThrowableError))
#4 C:\\laragon\\www\\kanban-dipl\\vendor\\october\\rain\\src\\Foundation\\Exception\\Handler.php(72): Illuminate\\Support\\Facades\\Facade::__callStatic('error', Array)
#5 C:\\laragon\\www\\kanban-dipl\\vendor\\laravel\\framework\\src\\Illuminate\\Foundation\\Console\\Kernel.php(376): October\\Rain\\Foundation\\Exception\\Handler->report(Object(Symfony\\Component\\Debug\\Exception\\FatalThrowableError))
#6 C:\\laragon\\www\\kanban-dipl\\vendor\\laravel\\framework\\src\\Illuminate\\Foundation\\Console\\Kernel.php(141): Illuminate\\Foundation\\Console\\Kernel->reportException(Object(Symfony\\Component\\Debug\\Exception\\FatalThrowableError))
#7 C:\\laragon\\www\\kanban-dipl\\artisan(35): Illuminate\\Foundation\\Console\\Kernel->handle(Object(Symfony\\Component\\Console\\Input\\ArgvInput), Object(Symfony\\Component\\Console\\Output\\ConsoleOutput))
#8 {main}
"} 
[2025-02-02 20:26:45] laravel.ERROR: Symfony\Component\Debug\Exception\FatalThrowableError: Class 'Barryvdh\Debugbar\ServiceProvider' not found in C:\laragon\www\kanban-dipl\vendor\laravel\framework\src\Illuminate\Foundation\ProviderRepository.php:208
Stack trace:
#0 C:\laragon\www\kanban-dipl\vendor\laravel\framework\src\Illuminate\Foundation\ProviderRepository.php(144): Illuminate\Foundation\ProviderRepository->createProvider('Barryvdh\\Debugb...')
#1 C:\laragon\www\kanban-dipl\vendor\laravel\framework\src\Illuminate\Foundation\ProviderRepository.php(61): Illuminate\Foundation\ProviderRepository->compileManifest(Array)
#2 C:\laragon\www\kanban-dipl\vendor\october\rain\src\Foundation\Application.php(399): Illuminate\Foundation\ProviderRepository->load(Array)
#3 C:\laragon\www\kanban-dipl\vendor\october\rain\src\Foundation\Application.php(407): October\Rain\Foundation\Application->registerConfiguredProviders(true)
#4 C:\laragon\www\kanban-dipl\vendor\laravel\framework\src\Illuminate\Foundation\Bootstrap\RegisterProviders.php(17): October\Rain\Foundation\Application->registerConfiguredProviders()
#5 C:\laragon\www\kanban-dipl\vendor\october\rain\src\Foundation\Application.php(127): Illuminate\Foundation\Bootstrap\RegisterProviders->bootstrap(Object(October\Rain\Foundation\Application))
#6 C:\laragon\www\kanban-dipl\vendor\laravel\framework\src\Illuminate\Foundation\Console\Kernel.php(320): October\Rain\Foundation\Application->bootstrapWith(Array)
#7 C:\laragon\www\kanban-dipl\vendor\laravel\framework\src\Illuminate\Foundation\Console\Kernel.php(129): Illuminate\Foundation\Console\Kernel->bootstrap()
#8 C:\laragon\www\kanban-dipl\artisan(35): Illuminate\Foundation\Console\Kernel->handle(Object(Symfony\Component\Console\Input\ArgvInput), Object(Symfony\Component\Console\Output\ConsoleOutput))
#9 {main}  
